<?xml version="1.0" encoding="UTF-8"?>
<testng-results skipped="0" failed="0" ignored="0" total="1" passed="1">
  <reporter-output>
  </reporter-output>
  <suite name="Default suite" duration-ms="38" started-at="2022-03-26T14:47:35 IST" finished-at="2022-03-26T14:47:35 IST">
    <groups>
    </groups>
    <test name="Default test" duration-ms="38" started-at="2022-03-26T14:47:35 IST" finished-at="2022-03-26T14:47:35 IST">
      <class name="Raman_Maven.sample">
        <test-method status="PASS" signature="test()[pri:0, instance:Raman_Maven.sample@704a52ec]" name="test" duration-ms="7" started-at="2022-03-26T14:47:35 IST" finished-at="2022-03-26T14:47:35 IST">
          <reporter-output>
          </reporter-output>
        </test-method> <!-- test -->
      </class> <!-- Raman_Maven.sample -->
    </test> <!-- Default test -->
  </suite> <!-- Default suite -->
</testng-results>
